CMSIS_AGDI.DLL - CMSIS-DAP Driver Log

20:59:46:938 (25/10/2023) - WRITE DP  Access, Addr 0x00000008, Val 0x00000000, "DAP Write DP - Success" - ID 0
20:59:46:941 (25/10/2023) - WRITE DP  Access, Addr 0x00000004, Val 0x50000000, "DAP Write DP - Success" - ID 1
20:59:46:944 (25/10/2023) - READ  DP  Access, Addr 0x00000004, Val 0xF0000040, "DAP Read DP - Success" - ID 2
20:59:46:947 (25/10/2023) - WRITE DP  Access, Addr 0x00000000, Val 0x0000001E, "DAP Write DP - Success" - ID 3
20:59:46:950 (25/10/2023) - WRITE DP  Access, Addr 0x00000004, Val 0x50000F00, "DAP Write DP - Success" - ID 4
20:59:46:953 (25/10/2023) - WRITE DP  Access, Addr 0x00000008, Val 0x01000000, "DAP Write DP - Success" - ID 5
20:59:46:956 (25/10/2023) - READ  AP  Access, AP 0x00000001, Addr 0x00000000, Val 0x0000003A, "DAP Read AP - Success" - ID 6
20:59:46:959 (25/10/2023) - WRITE AP  Access, AP 0x00000001, Addr 0x00000004, Val 0x00000014, "DAP Write AP - Success" - ID 7
20:59:46:962 (25/10/2023) - WRITE DP  Access, Addr 0x00000008, Val 0x00000000, "DAP Write DP - Success" - ID 8
20:59:46:968 (25/10/2023) - READ  AP  Access, AP 0x00000000, Addr 0x000000FC, Val 0x04770031, "DAP Read AP - Success" - ID 9
20:59:46:968 (25/10/2023) - READ  AP  Access, AP 0x00000000, Addr 0x000000FC, Val 0x04770031, "SWD Read AP - Success" - ID 10
20:59:46:986 (25/10/2023) - WRITE AP  Access, AP 0x00000000, Addr 0x00000000, Val 0x23000052, "DAP Write AP - Success" - ID 11
20:59:46:992 (25/10/2023) - READ  AP  Access, AP 0x00000000, Addr 0x000000F8, Val 0xF0002003, "DAP Read AP - Success" - ID 12
20:59:47:004 (25/10/2023) - READ  MEM BLOCK Access, AP 0x00000000, Start Addr 0xF0002FF0, End Addr 0xF0002FFF, "DAP Read Memory Block - Success" - ID 13
  Item #0, AP 0, Addr 0xF0002FF0, Value 0x0000000D
  Item #1, AP 0, Addr 0xF0002FF4, Value 0x00000010
  Item #2, AP 0, Addr 0xF0002FF8, Value 0x00000005
  Item #3, AP 0, Addr 0xF0002FFC, Value 0x000000B1
20:59:47:013 (25/10/2023) - READ  MEM BLOCK Access, AP 0x00000000, Start Addr 0xF0002FD0, End Addr 0xF0002FEF, "DAP Read Memory Block - Success" - ID 14
  Item #0, AP 0, Addr 0xF0002FD0, Value 0x00000000
  Item #1, AP 0, Addr 0xF0002FD4, Value 0x00000000
  Item #2, AP 0, Addr 0xF0002FD8, Value 0x00000000
  Item #3, AP 0, Addr 0xF0002FDC, Value 0x00000000
  Item #4, AP 0, Addr 0xF0002FE0, Value 0x00000000
  Item #5, AP 0, Addr 0xF0002FE4, Value 0x000000E0
  Item #6, AP 0, Addr 0xF0002FE8, Value 0x00000008
  Item #7, AP 0, Addr 0xF0002FEC, Value 0x00000000
20:59:47:013 (25/10/2023) - ROM TABLE: Detected Unknown ROM Table at address 0xF0002000 (PID 0x000000000008E000, CID 0xB105100D)
20:59:47:016 (25/10/2023) - READ  MEM Access, AP 0x00000000, Addr 0xF0002000, Val 0xFFFFE003, "DAP Read Memory (32 bit) - Success" - ID 15
20:59:47:025 (25/10/2023) - READ  MEM BLOCK Access, AP 0x00000000, Start Addr 0xF0000FF0, End Addr 0xF0000FFF, "DAP Read Memory Block - Success" - ID 16
  Item #0, AP 0, Addr 0xF0000FF0, Value 0x0000000D
  Item #1, AP 0, Addr 0xF0000FF4, Value 0x00000090
  Item #2, AP 0, Addr 0xF0000FF8, Value 0x00000005
  Item #3, AP 0, Addr 0xF0000FFC, Value 0x000000B1
20:59:47:034 (25/10/2023) - READ  MEM BLOCK Access, AP 0x00000000, Start Addr 0xF0000FD0, End Addr 0xF0000FEF, "DAP Read Memory Block - Success" - ID 17
  Item #0, AP 0, Addr 0xF0000FD0, Value 0x00000004
  Item #1, AP 0, Addr 0xF0000FD4, Value 0x00000000
  Item #2, AP 0, Addr 0xF0000FD8, Value 0x00000000
  Item #3, AP 0, Addr 0xF0000FDC, Value 0x00000000
  Item #4, AP 0, Addr 0xF0000FE0, Value 0x00000032
  Item #5, AP 0, Addr 0xF0000FE4, Value 0x000000B9
  Item #6, AP 0, Addr 0xF0000FE8, Value 0x0000000B
  Item #7, AP 0, Addr 0xF0000FEC, Value 0x00000000
20:59:47:034 (25/10/2023) - ROM TABLE: Detected MTB-M0+ (Cortex-M0+) at address 0xF0000000 (PID 0x00000004000BB932, CID 0xB105900D)
20:59:47:037 (25/10/2023) - READ  MEM Access, AP 0x00000000, Addr 0xF0002004, Val 0xFFFFF003, "DAP Read Memory (32 bit) - Success" - ID 18
20:59:47:046 (25/10/2023) - READ  MEM BLOCK Access, AP 0x00000000, Start Addr 0xF0001FF0, End Addr 0xF0001FFF, "DAP Read Memory Block - Success" - ID 19
  Item #0, AP 0, Addr 0xF0001FF0, Value 0x0000000D
  Item #1, AP 0, Addr 0xF0001FF4, Value 0x00000090
  Item #2, AP 0, Addr 0xF0001FF8, Value 0x00000005
  Item #3, AP 0, Addr 0xF0001FFC, Value 0x000000B1
20:59:47:055 (25/10/2023) - READ  MEM BLOCK Access, AP 0x00000000, Start Addr 0xF0001FD0, End Addr 0xF0001FEF, "DAP Read Memory Block - Success" - ID 20
  Item #0, AP 0, Addr 0xF0001FD0, Value 0x00000000
  Item #1, AP 0, Addr 0xF0001FD4, Value 0x00000000
  Item #2, AP 0, Addr 0xF0001FD8, Value 0x00000000
  Item #3, AP 0, Addr 0xF0001FDC, Value 0x00000000
  Item #4, AP 0, Addr 0xF0001FE0, Value 0x00000000
  Item #5, AP 0, Addr 0xF0001FE4, Value 0x000000E0
  Item #6, AP 0, Addr 0xF0001FE8, Value 0x00000008
  Item #7, AP 0, Addr 0xF0001FEC, Value 0x00000000
20:59:47:055 (25/10/2023) - ROM TABLE: Detected Unknown Component at address 0xF0001000 (PID 0x000000000008E000, CID 0xB105900D)
20:59:47:058 (25/10/2023) - READ  MEM Access, AP 0x00000000, Addr 0xF0002008, Val 0xF00FD003, "DAP Read Memory (32 bit) - Success" - ID 21
20:59:47:067 (25/10/2023) - READ  MEM BLOCK Access, AP 0x00000000, Start Addr 0xE00FFFF0, End Addr 0xE00FFFFF, "DAP Read Memory Block - Success" - ID 22
  Item #0, AP 0, Addr 0xE00FFFF0, Value 0x0000000D
  Item #1, AP 0, Addr 0xE00FFFF4, Value 0x00000010
  Item #2, AP 0, Addr 0xE00FFFF8, Value 0x00000005
  Item #3, AP 0, Addr 0xE00FFFFC, Value 0x000000B1
20:59:47:076 (25/10/2023) - READ  MEM BLOCK Access, AP 0x00000000, Start Addr 0xE00FFFD0, End Addr 0xE00FFFEF, "DAP Read Memory Block - Success" - ID 23
  Item #0, AP 0, Addr 0xE00FFFD0, Value 0x00000004
  Item #1, AP 0, Addr 0xE00FFFD4, Value 0x00000000
  Item #2, AP 0, Addr 0xE00FFFD8, Value 0x00000000
  Item #3, AP 0, Addr 0xE00FFFDC, Value 0x00000000
  Item #4, AP 0, Addr 0xE00FFFE0, Value 0x000000C0
  Item #5, AP 0, Addr 0xE00FFFE4, Value 0x000000B4
  Item #6, AP 0, Addr 0xE00FFFE8, Value 0x0000000B
  Item #7, AP 0, Addr 0xE00FFFEC, Value 0x00000000
20:59:47:076 (25/10/2023) - ROM TABLE: Detected ROM Table (Cortex-M0+) at address 0xE00FF000 (PID 0x00000004000BB4C0, CID 0xB105100D)
20:59:47:079 (25/10/2023) - READ  MEM Access, AP 0x00000000, Addr 0xE00FF000, Val 0xFFF0F003, "DAP Read Memory (32 bit) - Success" - ID 24
20:59:47:088 (25/10/2023) - READ  MEM BLOCK Access, AP 0x00000000, Start Addr 0xE000EFF0, End Addr 0xE000EFFF, "DAP Read Memory Block - Success" - ID 25
  Item #0, AP 0, Addr 0xE000EFF0, Value 0x0000000D
  Item #1, AP 0, Addr 0xE000EFF4, Value 0x000000E0
  Item #2, AP 0, Addr 0xE000EFF8, Value 0x00000005
  Item #3, AP 0, Addr 0xE000EFFC, Value 0x000000B1
20:59:47:097 (25/10/2023) - READ  MEM BLOCK Access, AP 0x00000000, Start Addr 0xE000EFD0, End Addr 0xE000EFEF, "DAP Read Memory Block - Success" - ID 26
  Item #0, AP 0, Addr 0xE000EFD0, Value 0x00000004
  Item #1, AP 0, Addr 0xE000EFD4, Value 0x00000000
  Item #2, AP 0, Addr 0xE000EFD8, Value 0x00000000
  Item #3, AP 0, Addr 0xE000EFDC, Value 0x00000000
  Item #4, AP 0, Addr 0xE000EFE0, Value 0x00000008
  Item #5, AP 0, Addr 0xE000EFE4, Value 0x000000B0
  Item #6, AP 0, Addr 0xE000EFE8, Value 0x0000000B
  Item #7, AP 0, Addr 0xE000EFEC, Value 0x00000000
20:59:47:100 (25/10/2023) - WRITE MEM Access, AP 0x00000000, Addr 0xE000EDFC, Val 0x01000000, "DAP Write Memory (32 bit) - Success" - ID 27
20:59:47:100 (25/10/2023) - ROM TABLE: Detected SCS (ARMv6-M) at address 0xE000E000 (PID 0x00000004000BB008, CID 0xB105E00D)
20:59:47:103 (25/10/2023) - READ  MEM Access, AP 0x00000000, Addr 0xE00FF004, Val 0xFFF02003, "DAP Read Memory (32 bit) - Success" - ID 28
20:59:47:112 (25/10/2023) - READ  MEM BLOCK Access, AP 0x00000000, Start Addr 0xE0001FF0, End Addr 0xE0001FFF, "DAP Read Memory Block - Success" - ID 29
  Item #0, AP 0, Addr 0xE0001FF0, Value 0x0000000D
  Item #1, AP 0, Addr 0xE0001FF4, Value 0x000000E0
  Item #2, AP 0, Addr 0xE0001FF8, Value 0x00000005
  Item #3, AP 0, Addr 0xE0001FFC, Value 0x000000B1
20:59:47:121 (25/10/2023) - READ  MEM BLOCK Access, AP 0x00000000, Start Addr 0xE0001FD0, End Addr 0xE0001FEF, "DAP Read Memory Block - Success" - ID 30
  Item #0, AP 0, Addr 0xE0001FD0, Value 0x00000004
  Item #1, AP 0, Addr 0xE0001FD4, Value 0x00000000
  Item #2, AP 0, Addr 0xE0001FD8, Value 0x00000000
  Item #3, AP 0, Addr 0xE0001FDC, Value 0x00000000
  Item #4, AP 0, Addr 0xE0001FE0, Value 0x0000000A
  Item #5, AP 0, Addr 0xE0001FE4, Value 0x000000B0
  Item #6, AP 0, Addr 0xE0001FE8, Value 0x0000000B
  Item #7, AP 0, Addr 0xE0001FEC, Value 0x00000000
20:59:47:121 (25/10/2023) - ROM TABLE: Detected DWT (ARMv6-M) at address 0xE0001000 (PID 0x00000004000BB00A, CID 0xB105E00D)
20:59:47:124 (25/10/2023) - READ  MEM Access, AP 0x00000000, Addr 0xE00FF008, Val 0xFFF03003, "DAP Read Memory (32 bit) - Success" - ID 31
20:59:47:133 (25/10/2023) - READ  MEM BLOCK Access, AP 0x00000000, Start Addr 0xE0002FF0, End Addr 0xE0002FFF, "DAP Read Memory Block - Success" - ID 32
  Item #0, AP 0, Addr 0xE0002FF0, Value 0x0000000D
  Item #1, AP 0, Addr 0xE0002FF4, Value 0x000000E0
  Item #2, AP 0, Addr 0xE0002FF8, Value 0x00000005
  Item #3, AP 0, Addr 0xE0002FFC, Value 0x000000B1
20:59:47:142 (25/10/2023) - READ  MEM BLOCK Access, AP 0x00000000, Start Addr 0xE0002FD0, End Addr 0xE0002FEF, "DAP Read Memory Block - Success" - ID 33
  Item #0, AP 0, Addr 0xE0002FD0, Value 0x00000004
  Item #1, AP 0, Addr 0xE0002FD4, Value 0x00000000
  Item #2, AP 0, Addr 0xE0002FD8, Value 0x00000000
  Item #3, AP 0, Addr 0xE0002FDC, Value 0x00000000
  Item #4, AP 0, Addr 0xE0002FE0, Value 0x0000000B
  Item #5, AP 0, Addr 0xE0002FE4, Value 0x000000B0
  Item #6, AP 0, Addr 0xE0002FE8, Value 0x0000000B
  Item #7, AP 0, Addr 0xE0002FEC, Value 0x00000000
20:59:47:142 (25/10/2023) - ROM TABLE: Detected BPU (ARMv6-M) at address 0xE0002000 (PID 0x00000004000BB00B, CID 0xB105E00D)
20:59:47:145 (25/10/2023) - READ  MEM Access, AP 0x00000000, Addr 0xE00FF00C, Val 0x00000000, "DAP Read Memory (32 bit) - Success" - ID 34
20:59:47:148 (25/10/2023) - READ  MEM Access, AP 0x00000000, Addr 0xF000200C, Val 0x00000000, "DAP Read Memory (32 bit) - Success" - ID 35
20:59:47:151 (25/10/2023) - READ  MEM Access, AP 0x00000000, Addr 0xE000ED00, Val 0x410CC600, "DAP Read Memory (32 bit) - Success" - ID 36
20:59:47:154 (25/10/2023) - READ  DP  Access, Addr 0x00000004, Val 0xF0000040, "DAP Read DP - Success" - ID 37
20:59:47:157 (25/10/2023) - WRITE MEM Access, AP 0x00000000, Addr 0xE000EDFC, Val 0x00000001, "DAP Write Memory (32 bit) - Success" - ID 38
20:59:47:160 (25/10/2023) - WRITE MEM Access, AP 0x00000000, Addr 0xE000EDF0, Val 0xA05F0003, "DAP Write Memory (32 bit) - Success" - ID 39
20:59:47:163 (25/10/2023) - WRITE DP  Access, Addr 0x00000008, Val 0x01000000, "DAP Write DP - Success" - ID 40
20:59:47:166 (25/10/2023) - WRITE AP  Access, AP 0x00000001, Addr 0x00000004, Val 0x00000000, "DAP Write AP - Success" - ID 41
20:59:47:169 (25/10/2023) - WRITE DP  Access, Addr 0x00000008, Val 0x00000000, "DAP Write DP - Success" - ID 42
20:59:47:172 (25/10/2023) - READ  MEM Access, AP 0x00000000, Addr 0xE000EDF0, Val 0x01030003, "DAP Read Memory (32 bit) - Success" - ID 43
20:59:47:175 (25/10/2023) - WRITE MEM Access, AP 0x00000000, Addr 0xE000EDF0, Val 0xA05F0003, "DAP Write Memory (32 bit) - Success" - ID 44
20:59:47:178 (25/10/2023) - WRITE MEM Access, AP 0x00000000, Addr 0xE000EDFC, Val 0x01000000, "DAP Write Memory (32 bit) - Success" - ID 45
20:59:47:181 (25/10/2023) - READ  MEM Access, AP 0x00000000, Addr 0xE0002000, Val 0x00000020, "DAP Read Memory (32 bit) - Success" - ID 46
20:59:47:184 (25/10/2023) - READ  MEM Access, AP 0x00000000, Addr 0xE0001000, Val 0x20000000, "DAP Read Memory (32 bit) - Success" - ID 47
20:59:47:187 (25/10/2023) - WRITE MEM Access, AP 0x00000000, Addr 0xE0001024, Val 0x0000001F, "DAP Write Memory (32 bit) - Success" - ID 48
20:59:47:190 (25/10/2023) - READ  MEM Access, AP 0x00000000, Addr 0xE0001024, Val 0x0000001F, "DAP Read Memory (32 bit) - Success" - ID 49
20:59:47:193 (25/10/2023) - WRITE MEM Access, AP 0x00000000, Addr 0xE0001024, Val 0x00000000, "DAP Write Memory (32 bit) - Success" - ID 50
20:59:47:196 (25/10/2023) - WRITE MEM Access, AP 0x00000000, Addr 0xE0001028, Val 0x00000100, "DAP Write Memory (32 bit) - Success" - ID 51
20:59:47:199 (25/10/2023) - READ  MEM Access, AP 0x00000000, Addr 0xE0001028, Val 0x00000000, "DAP Read Memory (32 bit) - Success" - ID 52
20:59:47:202 (25/10/2023) - WRITE MEM Access, AP 0x00000000, Addr 0xE0001028, Val 0x00000080, "DAP Write Memory (32 bit) - Success" - ID 53
20:59:47:205 (25/10/2023) - READ  MEM Access, AP 0x00000000, Addr 0xE0001028, Val 0x00000000, "DAP Read Memory (32 bit) - Success" - ID 54
20:59:47:208 (25/10/2023) - WRITE MEM Access, AP 0x00000000, Addr 0xE0001028, Val 0x00000000, "DAP Write Memory (32 bit) - Success" - ID 55
20:59:47:211 (25/10/2023) - WRITE MEM Access, AP 0x00000000, Addr 0xE0001038, Val 0x00000100, "DAP Write Memory (32 bit) - Success" - ID 56
20:59:47:214 (25/10/2023) - READ  MEM Access, AP 0x00000000, Addr 0xE0001038, Val 0x00000000, "DAP Read Memory (32 bit) - Success" - ID 57
20:59:47:217 (25/10/2023) - WRITE MEM Access, AP 0x00000000, Addr 0xE0001038, Val 0x00000080, "DAP Write Memory (32 bit) - Success" - ID 58
20:59:47:220 (25/10/2023) - READ  MEM Access, AP 0x00000000, Addr 0xE0001038, Val 0x00000000, "DAP Read Memory (32 bit) - Success" - ID 59
20:59:47:223 (25/10/2023) - WRITE MEM Access, AP 0x00000000, Addr 0xE0001038, Val 0x00000000, "DAP Write Memory (32 bit) - Success" - ID 60
20:59:47:226 (25/10/2023) - WRITE MEM Access, AP 0x00000000, Addr 0xE0002000, Val 0x00000002, "DAP Write Memory (32 bit) - Success" - ID 61
20:59:47:229 (25/10/2023) - WRITE MEM Access, AP 0x00000000, Addr 0xE0001028, Val 0x00000000, "DAP Write Memory (32 bit) - Success" - ID 62
20:59:47:232 (25/10/2023) - WRITE MEM Access, AP 0x00000000, Addr 0xE0001038, Val 0x00000000, "DAP Write Memory (32 bit) - Success" - ID 63
20:59:47:250 (25/10/2023) - READ  MEM Access, AP 0x00000000, Addr 0xF000000C, Val 0x1FFFF000, "DAP Read Memory (32 bit) - Success" - ID 64
20:59:47:253 (25/10/2023) - WRITE MEM Access, AP 0x00000000, Addr 0xE000EDFC, Val 0x00000001, "DAP Write Memory (32 bit) - Success" - ID 65
20:59:47:256 (25/10/2023) - READ  MEM Access, AP 0x00000000, Addr 0xE000EDF0, Val 0x00030003, "DAP Read Memory (32 bit) - Success" - ID 66
20:59:47:259 (25/10/2023) - WRITE MEM Access, AP 0x00000000, Addr 0xE000ED0C, Val 0x05FA0004, "DAP Write Memory (32 bit) - Success" - ID 67
20:59:47:262 (25/10/2023) - READ  MEM Access, AP 0x00000000, Addr 0xE000EDF0, Val 0x03030003, "DAP Read Memory (32 bit) - Success" - ID 68
20:59:47:265 (25/10/2023) - READ  MEM Access, AP 0x00000000, Addr 0xE000EDF0, Val 0x00030003, "DAP Read Memory (32 bit) - Success" - ID 69
20:59:47:280 (25/10/2023) - READ  MEM Access, AP 0x00000000, Addr 0xE000EDF0, Val 0x00030003, "DAP Read Memory (32 bit) - Success" - ID 70
20:59:47:283 (25/10/2023) - READ  MEM Access, AP 0x00000000, Addr 0xE000EDF0, Val 0x00030003, "DAP Read Memory (32 bit) - Success" - ID 71
20:59:47:372 (25/10/2023) - WRITE MEM Access, AP 0x00000000, Addr 0xE000EDFC, Val 0x00000001, "DAP Write Memory (32 bit) - Success" - ID 72
20:59:47:375 (25/10/2023) - READ  MEM Access, AP 0x00000000, Addr 0xE000EDF0, Val 0x00030003, "DAP Read Memory (32 bit) - Success" - ID 73
20:59:47:426 (25/10/2023) - WRITE MEM Access, AP 0x00000000, Addr 0xE0001008, Val 0x00000000, "DAP Write Memory (32 bit) - Success" - ID 74
20:59:47:429 (25/10/2023) - WRITE MEM Access, AP 0x00000000, Addr 0xE000100C, Val 0x00000000, "DAP Write Memory (32 bit) - Success" - ID 75
20:59:47:432 (25/10/2023) - WRITE MEM Access, AP 0x00000000, Addr 0xE0001010, Val 0x00000000, "DAP Write Memory (32 bit) - Success" - ID 76
20:59:47:435 (25/10/2023) - WRITE MEM Access, AP 0x00000000, Addr 0xE0001014, Val 0x00000000, "DAP Write Memory (32 bit) - Success" - ID 77
20:59:47:438 (25/10/2023) - WRITE MEM Access, AP 0x00000000, Addr 0xE0001018, Val 0x00000000, "DAP Write Memory (32 bit) - Success" - ID 78
20:59:47:444 (25/10/2023) - WRITE MEM Access, AP 0x00000000, Addr 0xE000ED0C, Val 0x05FA0004, "DAP Write Memory (32 bit) - Success" - ID 79
20:59:47:447 (25/10/2023) - READ  MEM Access, AP 0x00000000, Addr 0xE000EDF0, Val 0x03030003, "DAP Read Memory (32 bit) - Success" - ID 80
20:59:47:450 (25/10/2023) - READ  MEM Access, AP 0x00000000, Addr 0xE000EDF0, Val 0x00030003, "DAP Read Memory (32 bit) - Success" - ID 81
20:59:47:465 (25/10/2023) - READ  MEM Access, AP 0x00000000, Addr 0xE000EDF0, Val 0x00030003, "DAP Read Memory (32 bit) - Success" - ID 82
20:59:47:468 (25/10/2023) - READ  MEM Access, AP 0x00000000, Addr 0xE000EDF0, Val 0x00030003, "DAP Read Memory (32 bit) - Success" - ID 83
20:59:47:557 (25/10/2023) - WRITE MEM Access, AP 0x00000000, Addr 0xE0001008, Val 0x00000000, "DAP Write Memory (32 bit) - Success" - ID 84
20:59:47:560 (25/10/2023) - WRITE MEM Access, AP 0x00000000, Addr 0xE000100C, Val 0x00000000, "DAP Write Memory (32 bit) - Success" - ID 85
20:59:47:563 (25/10/2023) - WRITE MEM Access, AP 0x00000000, Addr 0xE0001010, Val 0x00000000, "DAP Write Memory (32 bit) - Success" - ID 86
20:59:47:566 (25/10/2023) - WRITE MEM Access, AP 0x00000000, Addr 0xE0001014, Val 0x00000000, "DAP Write Memory (32 bit) - Success" - ID 87
20:59:47:569 (25/10/2023) - WRITE MEM Access, AP 0x00000000, Addr 0xE0001018, Val 0x00000000, "DAP Write Memory (32 bit) - Success" - ID 88
20:59:47:735 (25/10/2023) - READ  MEM Access, AP 0x00000000, Addr 0xE000EDF0, Val 0x00030003, "DAP Read Memory (32 bit) - Success" - ID 89
20:59:47:999 (25/10/2023) - READ  MEM Access, AP 0x00000000, Addr 0xE000EDF0, Val 0x00030003, "DAP Read Memory (32 bit) - Success" - ID 90
20:59:48:262 (25/10/2023) - READ  MEM Access, AP 0x00000000, Addr 0xE000EDF0, Val 0x00030003, "DAP Read Memory (32 bit) - Success" - ID 91
20:59:48:309 (25/10/2023) - READ  MEM BLOCK Access, AP 0x00000000, Start Addr 0x00000456, End Addr 0x00000457, "DAP Read Memory Block - Success" - ID 92
  Item #0, AP 0, Addr 0x00000456, Value 0x6F87
20:59:48:323 (25/10/2023) - READ  MEM BLOCK Access, AP 0x00000000, Start Addr 0x00000458, End Addr 0x00000493, "DAP Read Memory Block - Success" - ID 93
  Item #0, AP 0, Addr 0x00000458, Value 0x6787402F
  Item #1, AP 0, Addr 0x0000045C, Value 0x43376F87
  Item #2, AP 0, Addr 0x00000460, Value 0x4F3C6787
  Item #3, AP 0, Addr 0x00000464, Value 0x68103F71
  Item #4, AP 0, Addr 0x00000468, Value 0x60104338
  Item #5, AP 0, Addr 0x0000046C, Value 0x6807483A
  Item #6, AP 0, Addr 0x00000470, Value 0x6007402F
  Item #7, AP 0, Addr 0x00000474, Value 0x43356805
  Item #8, AP 0, Addr 0x00000478, Value 0x061D6005
  Item #9, AP 0, Addr 0x0000047C, Value 0x43286850
  Item #10, AP 0, Addr 0x00000480, Value 0x06586050
  Item #11, AP 0, Addr 0x00000484, Value 0x43066856
  Item #12, AP 0, Addr 0x00000488, Value 0x06986056
  Item #13, AP 0, Addr 0x0000048C, Value 0x43036853
  Item #14, AP 0, Addr 0x00000490, Value 0x06206053
20:59:48:450 (25/10/2023) - READ  MEM BLOCK Access, AP 0x00000000, Start Addr 0x000000D4, End Addr 0x000000D5, "DAP Read Memory Block - Success" - ID 94
  Item #0, AP 0, Addr 0x000000D4, Value 0xB672
20:59:48:479 (25/10/2023) - WRITE MEM Access, AP 0x00000000, Addr 0xE0001008, Val 0x00000000, "DAP Write Memory (32 bit) - Success" - ID 95
20:59:48:482 (25/10/2023) - WRITE MEM Access, AP 0x00000000, Addr 0xE000100C, Val 0x00000000, "DAP Write Memory (32 bit) - Success" - ID 96
20:59:48:485 (25/10/2023) - WRITE MEM Access, AP 0x00000000, Addr 0xE0001010, Val 0x00000000, "DAP Write Memory (32 bit) - Success" - ID 97
20:59:48:488 (25/10/2023) - WRITE MEM Access, AP 0x00000000, Addr 0xE0001014, Val 0x00000000, "DAP Write Memory (32 bit) - Success" - ID 98
20:59:48:491 (25/10/2023) - WRITE MEM Access, AP 0x00000000, Addr 0xE0001018, Val 0x00000000, "DAP Write Memory (32 bit) - Success" - ID 99
20:59:48:514 (25/10/2023) - WRITE MEM BLOCK Access, AP 0x00000000, Start Addr 0xE0002000, End Addr 0xE000200F, "DAP Write Memory Block - Success" - ID 100
  Item #0, AP 0, Addr 0xE0002000, Value 0x00000003
  Item #1, AP 0, Addr 0xE0002004, Value 0x00000000
  Item #2, AP 0, Addr 0xE0002008, Value 0x40000955
  Item #3, AP 0, Addr 0xE000200C, Value 0x00000000
20:59:48:535 (25/10/2023) - WRITE MEM BLOCK Access, AP 0x00000000, Start Addr 0xE0001020, End Addr 0xE000103F, "DAP Write Memory Block - Success" - ID 101
  Item #0, AP 0, Addr 0xE0001020, Value 0x00000000
  Item #1, AP 0, Addr 0xE0001024, Value 0x00000000
  Item #2, AP 0, Addr 0xE0001028, Value 0x00000000
  Item #3, AP 0, Addr 0xE000102C, Value 0x00000000
  Item #4, AP 0, Addr 0xE0001030, Value 0x00000000
  Item #5, AP 0, Addr 0xE0001034, Value 0x00000000
  Item #6, AP 0, Addr 0xE0001038, Value 0x00000000
  Item #7, AP 0, Addr 0xE000103C, Value 0x00000000
20:59:48:538 (25/10/2023) - WRITE MEM Access, AP 0x00000000, Addr 0xE000ED30, Val 0x0000001F, "DAP Write Memory (32 bit) - Success" - ID 102
20:59:48:547 (25/10/2023) - READ  MEM BLOCK Access, AP 0x00000000, Start Addr 0xF0000000, End Addr 0xF0000007, "DAP Read Memory Block - Success" - ID 103
  Item #0, AP 0, Addr 0xF0000000, Value 0x00007EDC
  Item #1, AP 0, Addr 0xF0000004, Value 0x0000009E
20:59:48:550 (25/10/2023) - WRITE MEM Access, AP 0x00000000, Addr 0xE000EDF0, Val 0xA05F0001, "DAP Write Memory (32 bit) - Success" - ID 104
20:59:48:553 (25/10/2023) - READ  MEM Access, AP 0x00000000, Addr 0xE000EDF0, Val 0x01000001, "DAP Read Memory (32 bit) - Success" - ID 105
20:59:48:556 (25/10/2023) - READ  MEM Access, AP 0x00000000, Addr 0xE000EDF0, Val 0x01000001, "DAP Read Memory (32 bit) - Success" - ID 106
20:59:48:618 (25/10/2023) - READ  MEM Access, AP 0x00000000, Addr 0xE000EDF0, Val 0x01000001, "DAP Read Memory (32 bit) - Success" - ID 107
20:59:48:679 (25/10/2023) - READ  MEM Access, AP 0x00000000, Addr 0xE000EDF0, Val 0x01000001, "DAP Read Memory (32 bit) - Success" - ID 108
20:59:48:741 (25/10/2023) - READ  MEM Access, AP 0x00000000, Addr 0xE000EDF0, Val 0x01000001, "DAP Read Memory (32 bit) - Success" - ID 109
20:59:48:802 (25/10/2023) - READ  MEM Access, AP 0x00000000, Addr 0xE000EDF0, Val 0x01000001, "DAP Read Memory (32 bit) - Success" - ID 110
20:59:48:863 (25/10/2023) - READ  MEM Access, AP 0x00000000, Addr 0xE000EDF0, Val 0x01000001, "DAP Read Memory (32 bit) - Success" - ID 111
20:59:48:925 (25/10/2023) - READ  MEM Access, AP 0x00000000, Addr 0xE000EDF0, Val 0x01000001, "DAP Read Memory (32 bit) - Success" - ID 112
20:59:48:985 (25/10/2023) - READ  MEM Access, AP 0x00000000, Addr 0xE000EDF0, Val 0x01000001, "DAP Read Memory (32 bit) - Success" - ID 113
20:59:49:047 (25/10/2023) - READ  MEM Access, AP 0x00000000, Addr 0xE000EDF0, Val 0x01000001, "DAP Read Memory (32 bit) - Success" - ID 114
20:59:49:109 (25/10/2023) - READ  MEM Access, AP 0x00000000, Addr 0xE000EDF0, Val 0x01000001, "DAP Read Memory (32 bit) - Success" - ID 115
20:59:49:171 (25/10/2023) - READ  MEM Access, AP 0x00000000, Addr 0xE000EDF0, Val 0x01000001, "DAP Read Memory (32 bit) - Success" - ID 116
20:59:49:232 (25/10/2023) - READ  MEM Access, AP 0x00000000, Addr 0xE000EDF0, Val 0x01000001, "DAP Read Memory (32 bit) - Success" - ID 117
20:59:49:295 (25/10/2023) - READ  MEM Access, AP 0x00000000, Addr 0xE000EDF0, Val 0x01000001, "DAP Read Memory (32 bit) - Success" - ID 118
20:59:49:356 (25/10/2023) - READ  MEM Access, AP 0x00000000, Addr 0xE000EDF0, Val 0x01000001, "DAP Read Memory (32 bit) - Success" - ID 119
20:59:49:418 (25/10/2023) - READ  MEM Access, AP 0x00000000, Addr 0xE000EDF0, Val 0x01000001, "DAP Read Memory (32 bit) - Success" - ID 120
20:59:49:480 (25/10/2023) - READ  MEM Access, AP 0x00000000, Addr 0xE000EDF0, Val 0x01000001, "DAP Read Memory (32 bit) - Success" - ID 121
20:59:49:541 (25/10/2023) - READ  MEM Access, AP 0x00000000, Addr 0xE000EDF0, Val 0x01000001, "DAP Read Memory (32 bit) - Success" - ID 122
20:59:49:602 (25/10/2023) - READ  MEM Access, AP 0x00000000, Addr 0xE000EDF0, Val 0x01000001, "DAP Read Memory (32 bit) - Success" - ID 123
20:59:49:663 (25/10/2023) - READ  MEM Access, AP 0x00000000, Addr 0xE000EDF0, Val 0x01000001, "DAP Read Memory (32 bit) - Success" - ID 124
20:59:49:725 (25/10/2023) - READ  MEM Access, AP 0x00000000, Addr 0xE000EDF0, Val 0x01000001, "DAP Read Memory (32 bit) - Success" - ID 125
20:59:49:786 (25/10/2023) - READ  MEM Access, AP 0x00000000, Addr 0xE000EDF0, Val 0x01000001, "DAP Read Memory (32 bit) - Success" - ID 126
20:59:49:848 (25/10/2023) - READ  MEM Access, AP 0x00000000, Addr 0xE000EDF0, Val 0x01000001, "DAP Read Memory (32 bit) - Success" - ID 127
20:59:49:909 (25/10/2023) - READ  MEM Access, AP 0x00000000, Addr 0xE000EDF0, Val 0x01000001, "DAP Read Memory (32 bit) - Success" - ID 128
20:59:49:971 (25/10/2023) - READ  MEM Access, AP 0x00000000, Addr 0xE000EDF0, Val 0x01000001, "DAP Read Memory (32 bit) - Success" - ID 129
20:59:50:033 (25/10/2023) - READ  MEM Access, AP 0x00000000, Addr 0xE000EDF0, Val 0x01000001, "DAP Read Memory (32 bit) - Success" - ID 130
20:59:50:095 (25/10/2023) - READ  MEM Access, AP 0x00000000, Addr 0xE000EDF0, Val 0x01000001, "DAP Read Memory (32 bit) - Success" - ID 131
20:59:50:156 (25/10/2023) - READ  MEM Access, AP 0x00000000, Addr 0xE000EDF0, Val 0x01000001, "DAP Read Memory (32 bit) - Success" - ID 132
20:59:50:217 (25/10/2023) - READ  MEM Access, AP 0x00000000, Addr 0xE000EDF0, Val 0x01000001, "DAP Read Memory (32 bit) - Success" - ID 133
20:59:50:279 (25/10/2023) - READ  MEM Access, AP 0x00000000, Addr 0xE000EDF0, Val 0x01000001, "DAP Read Memory (32 bit) - Success" - ID 134
20:59:50:342 (25/10/2023) - READ  MEM Access, AP 0x00000000, Addr 0xE000EDF0, Val 0x01000001, "DAP Read Memory (32 bit) - Success" - ID 135
20:59:50:402 (25/10/2023) - READ  MEM Access, AP 0x00000000, Addr 0xE000EDF0, Val 0x01000001, "DAP Read Memory (32 bit) - Success" - ID 136
20:59:50:464 (25/10/2023) - READ  MEM Access, AP 0x00000000, Addr 0xE000EDF0, Val 0x01000001, "DAP Read Memory (32 bit) - Success" - ID 137
20:59:50:526 (25/10/2023) - READ  MEM Access, AP 0x00000000, Addr 0xE000EDF0, Val 0x01000001, "DAP Read Memory (32 bit) - Success" - ID 138
20:59:50:587 (25/10/2023) - READ  MEM Access, AP 0x00000000, Addr 0xE000EDF0, Val 0x01000001, "DAP Read Memory (32 bit) - Success" - ID 139
20:59:50:650 (25/10/2023) - READ  MEM Access, AP 0x00000000, Addr 0xE000EDF0, Val 0x01000001, "DAP Read Memory (32 bit) - Success" - ID 140
20:59:50:711 (25/10/2023) - READ  MEM Access, AP 0x00000000, Addr 0xE000EDF0, Val 0x01000001, "DAP Read Memory (32 bit) - Success" - ID 141
20:59:50:773 (25/10/2023) - READ  MEM Access, AP 0x00000000, Addr 0xE000EDF0, Val 0x01000001, "DAP Read Memory (32 bit) - Success" - ID 142
20:59:50:835 (25/10/2023) - READ  MEM Access, AP 0x00000000, Addr 0xE000EDF0, Val 0x01000001, "DAP Read Memory (32 bit) - Success" - ID 143
20:59:50:897 (25/10/2023) - READ  MEM Access, AP 0x00000000, Addr 0xE000EDF0, Val 0x01000001, "DAP Read Memory (32 bit) - Success" - ID 144
20:59:50:957 (25/10/2023) - READ  MEM Access, AP 0x00000000, Addr 0xE000EDF0, Val 0x01000001, "DAP Read Memory (32 bit) - Success" - ID 145
20:59:51:019 (25/10/2023) - READ  MEM Access, AP 0x00000000, Addr 0xE000EDF0, Val 0x01000001, "DAP Read Memory (32 bit) - Success" - ID 146
20:59:51:081 (25/10/2023) - READ  MEM Access, AP 0x00000000, Addr 0xE000EDF0, Val 0x01000001, "DAP Read Memory (32 bit) - Success" - ID 147
20:59:51:144 (25/10/2023) - READ  MEM Access, AP 0x00000000, Addr 0xE000EDF0, Val 0x01000001, "DAP Read Memory (32 bit) - Success" - ID 148
20:59:51:205 (25/10/2023) - READ  MEM Access, AP 0x00000000, Addr 0xE000EDF0, Val 0x01000001, "DAP Read Memory (32 bit) - Success" - ID 149
20:59:51:269 (25/10/2023) - READ  MEM Access, AP 0x00000000, Addr 0xE000EDF0, Val 0x01030003, "DAP Read Memory (32 bit) - Success" - ID 150
20:59:51:272 (25/10/2023) - READ  MEM Access, AP 0x00000000, Addr 0xE000EDF0, Val 0x00030003, "DAP Read Memory (32 bit) - Success" - ID 151
20:59:51:299 (25/10/2023) - WRITE MEM BLOCK Access, AP 0x00000000, Start Addr 0xE0002000, End Addr 0xE000200F, "DAP Write Memory Block - Success" - ID 152
  Item #0, AP 0, Addr 0xE0002000, Value 0x00000002
  Item #1, AP 0, Addr 0xE0002004, Value 0x00000000
  Item #2, AP 0, Addr 0xE0002008, Value 0x00000000
  Item #3, AP 0, Addr 0xE000200C, Value 0x00000000
20:59:51:308 (25/10/2023) - WRITE MEM BLOCK Access, AP 0x00000000, Start Addr 0xE0001020, End Addr 0xE000103F, "DAP Write Memory Block - Success" - ID 153
  Item #0, AP 0, Addr 0xE0001020, Value 0x00000000
  Item #1, AP 0, Addr 0xE0001024, Value 0x00000000
  Item #2, AP 0, Addr 0xE0001028, Value 0x00000000
  Item #3, AP 0, Addr 0xE000102C, Value 0x00000000
  Item #4, AP 0, Addr 0xE0001030, Value 0x00000000
  Item #5, AP 0, Addr 0xE0001034, Value 0x00000000
  Item #6, AP 0, Addr 0xE0001038, Value 0x00000000
  Item #7, AP 0, Addr 0xE000103C, Value 0x00000000
20:59:51:317 (25/10/2023) - WRITE MEM BLOCK Access, AP 0x00000000, Start Addr 0xE0001020, End Addr 0xE000103F, "DAP Write Memory Block - Success" - ID 154
  Item #0, AP 0, Addr 0xE0001020, Value 0x00000000
  Item #1, AP 0, Addr 0xE0001024, Value 0x00000000
  Item #2, AP 0, Addr 0xE0001028, Value 0x00000000
  Item #3, AP 0, Addr 0xE000102C, Value 0x00000000
  Item #4, AP 0, Addr 0xE0001030, Value 0x00000000
  Item #5, AP 0, Addr 0xE0001034, Value 0x00000000
  Item #6, AP 0, Addr 0xE0001038, Value 0x00000000
  Item #7, AP 0, Addr 0xE000103C, Value 0x00000000
20:59:51:320 (25/10/2023) - READ  MEM Access, AP 0x00000000, Addr 0xE000ED30, Val 0x00000001, "DAP Read Memory (32 bit) - Success" - ID 155
20:59:51:323 (25/10/2023) - READ  MEM Access, AP 0x00000000, Addr 0xE0001028, Val 0x00000000, "DAP Read Memory (32 bit) - Success" - ID 156
20:59:51:326 (25/10/2023) - READ  MEM Access, AP 0x00000000, Addr 0xE0001038, Val 0x00000000, "DAP Read Memory (32 bit) - Success" - ID 157
20:59:51:381 (25/10/2023) - READ  MEM BLOCK Access, AP 0x00000000, Start Addr 0x1FFFF014, End Addr 0x1FFFF017, "DAP Read Memory Block - Success" - ID 158
  Item #0, AP 0, Addr 0x1FFFF014, Value 0x02FBB3D4
20:59:51:390 (25/10/2023) - READ  MEM BLOCK Access, AP 0x00000000, Start Addr 0x1FFFF038, End Addr 0x1FFFF03B, "DAP Read Memory Block - Success" - ID 159
  Item #0, AP 0, Addr 0x1FFFF038, Value 0x00000000
20:59:51:399 (25/10/2023) - READ  MEM BLOCK Access, AP 0x00000000, Start Addr 0x1FFFF058, End Addr 0x1FFFF05B, "DAP Read Memory Block - Success" - ID 160
  Item #0, AP 0, Addr 0x1FFFF058, Value 0x00000000
20:59:51:408 (25/10/2023) - READ  MEM BLOCK Access, AP 0x00000000, Start Addr 0xE000ED28, End Addr 0xE000ED2B, "DAP Read Memory Block - Success" - ID 161
  Item #0, AP 0, Addr 0xE000ED28, Value 0x00000000
20:59:51:423 (25/10/2023) - READ  MEM BLOCK Access, AP 0x00000000, Start Addr 0x20007710, End Addr 0x20007713, "DAP Read Memory Block - FAILED" - ID 162
20:59:51:438 (25/10/2023) - READ  MEM BLOCK Access, AP 0x00000000, Start Addr 0x20007714, End Addr 0x20007717, "DAP Read Memory Block - FAILED" - ID 163
20:59:51:453 (25/10/2023) - READ  MEM BLOCK Access, AP 0x00000000, Start Addr 0x2000770C, End Addr 0x2000770F, "DAP Read Memory Block - FAILED" - ID 164
20:59:51:544 (25/10/2023) - READ  MEM Access, AP 0x00000000, Addr 0xE000EDF0, Val 0x00030003, "DAP Read Memory (32 bit) - Success" - ID 165
20:59:51:805 (25/10/2023) - READ  MEM Access, AP 0x00000000, Addr 0xE000EDF0, Val 0x00030003, "DAP Read Memory (32 bit) - Success" - ID 166
20:59:52:067 (25/10/2023) - READ  MEM Access, AP 0x00000000, Addr 0xE000EDF0, Val 0x00030003, "DAP Read Memory (32 bit) - Success" - ID 167
20:59:52:328 (25/10/2023) - READ  MEM Access, AP 0x00000000, Addr 0xE000EDF0, Val 0x00030003, "DAP Read Memory (32 bit) - Success" - ID 168
20:59:52:591 (25/10/2023) - READ  MEM Access, AP 0x00000000, Addr 0xE000EDF0, Val 0x00030003, "DAP Read Memory (32 bit) - Success" - ID 169
20:59:52:852 (25/10/2023) - READ  MEM Access, AP 0x00000000, Addr 0xE000EDF0, Val 0x00030003, "DAP Read Memory (32 bit) - Success" - ID 170
20:59:53:116 (25/10/2023) - READ  MEM Access, AP 0x00000000, Addr 0xE000EDF0, Val 0x00030003, "DAP Read Memory (32 bit) - Success" - ID 171
20:59:53:377 (25/10/2023) - READ  MEM Access, AP 0x00000000, Addr 0xE000EDF0, Val 0x00030003, "DAP Read Memory (32 bit) - Success" - ID 172
20:59:53:638 (25/10/2023) - READ  MEM Access, AP 0x00000000, Addr 0xE000EDF0, Val 0x00030003, "DAP Read Memory (32 bit) - Success" - ID 173
20:59:53:902 (25/10/2023) - READ  MEM Access, AP 0x00000000, Addr 0xE000EDF0, Val 0x00030003, "DAP Read Memory (32 bit) - Success" - ID 174
20:59:54:166 (25/10/2023) - READ  MEM Access, AP 0x00000000, Addr 0xE000EDF0, Val 0x00030003, "DAP Read Memory (32 bit) - Success" - ID 175
20:59:54:428 (25/10/2023) - READ  MEM Access, AP 0x00000000, Addr 0xE000EDF0, Val 0x00030003, "DAP Read Memory (32 bit) - Success" - ID 176
20:59:54:689 (25/10/2023) - READ  MEM Access, AP 0x00000000, Addr 0xE000EDF0, Val 0x00030003, "DAP Read Memory (32 bit) - Success" - ID 177
20:59:54:953 (25/10/2023) - READ  MEM Access, AP 0x00000000, Addr 0xE000EDF0, Val 0x00030003, "DAP Read Memory (32 bit) - Success" - ID 178
20:59:55:214 (25/10/2023) - READ  MEM Access, AP 0x00000000, Addr 0xE000EDF0, Val 0x00030003, "DAP Read Memory (32 bit) - Success" - ID 179
20:59:55:478 (25/10/2023) - READ  MEM Access, AP 0x00000000, Addr 0xE000EDF0, Val 0x00030003, "DAP Read Memory (32 bit) - Success" - ID 180
20:59:55:741 (25/10/2023) - READ  MEM Access, AP 0x00000000, Addr 0xE000EDF0, Val 0x00030003, "DAP Read Memory (32 bit) - Success" - ID 181
20:59:56:002 (25/10/2023) - READ  MEM Access, AP 0x00000000, Addr 0xE000EDF0, Val 0x00030003, "DAP Read Memory (32 bit) - Success" - ID 182
20:59:56:264 (25/10/2023) - READ  MEM Access, AP 0x00000000, Addr 0xE000EDF0, Val 0x00030003, "DAP Read Memory (32 bit) - Success" - ID 183
20:59:56:526 (25/10/2023) - READ  MEM Access, AP 0x00000000, Addr 0xE000EDF0, Val 0x00030003, "DAP Read Memory (32 bit) - Success" - ID 184
20:59:56:787 (25/10/2023) - READ  MEM Access, AP 0x00000000, Addr 0xE000EDF0, Val 0x00030003, "DAP Read Memory (32 bit) - Success" - ID 185
20:59:57:050 (25/10/2023) - READ  MEM Access, AP 0x00000000, Addr 0xE000EDF0, Val 0x00030003, "DAP Read Memory (32 bit) - Success" - ID 186
20:59:57:313 (25/10/2023) - READ  MEM Access, AP 0x00000000, Addr 0xE000EDF0, Val 0x00030003, "DAP Read Memory (32 bit) - Success" - ID 187
20:59:57:575 (25/10/2023) - READ  MEM Access, AP 0x00000000, Addr 0xE000EDF0, Val 0x00030003, "DAP Read Memory (32 bit) - Success" - ID 188
20:59:57:838 (25/10/2023) - READ  MEM Access, AP 0x00000000, Addr 0xE000EDF0, Val 0x00030003, "DAP Read Memory (32 bit) - Success" - ID 189
20:59:58:098 (25/10/2023) - READ  MEM Access, AP 0x00000000, Addr 0xE000EDF0, Val 0x00030003, "DAP Read Memory (32 bit) - Success" - ID 190
20:59:58:359 (25/10/2023) - READ  MEM Access, AP 0x00000000, Addr 0xE000EDF0, Val 0x00030003, "DAP Read Memory (32 bit) - Success" - ID 191
20:59:58:620 (25/10/2023) - READ  MEM Access, AP 0x00000000, Addr 0xE000EDF0, Val 0x00030003, "DAP Read Memory (32 bit) - Success" - ID 192
20:59:58:882 (25/10/2023) - READ  MEM Access, AP 0x00000000, Addr 0xE000EDF0, Val 0x00030003, "DAP Read Memory (32 bit) - Success" - ID 193
20:59:59:143 (25/10/2023) - READ  MEM Access, AP 0x00000000, Addr 0xE000EDF0, Val 0x00030003, "DAP Read Memory (32 bit) - Success" - ID 194
20:59:59:405 (25/10/2023) - READ  MEM Access, AP 0x00000000, Addr 0xE000EDF0, Val 0x00030003, "DAP Read Memory (32 bit) - Success" - ID 195
20:59:59:665 (25/10/2023) - READ  MEM Access, AP 0x00000000, Addr 0xE000EDF0, Val 0x00030003, "DAP Read Memory (32 bit) - Success" - ID 196
20:59:59:927 (25/10/2023) - READ  MEM Access, AP 0x00000000, Addr 0xE000EDF0, Val 0x00030003, "DAP Read Memory (32 bit) - Success" - ID 197
21:00:00:189 (25/10/2023) - READ  MEM Access, AP 0x00000000, Addr 0xE000EDF0, Val 0x00030003, "DAP Read Memory (32 bit) - Success" - ID 198
21:00:00:451 (25/10/2023) - READ  MEM Access, AP 0x00000000, Addr 0xE000EDF0, Val 0x00030003, "DAP Read Memory (32 bit) - Success" - ID 199
21:00:00:713 (25/10/2023) - READ  MEM Access, AP 0x00000000, Addr 0xE000EDF0, Val 0x00030003, "DAP Read Memory (32 bit) - Success" - ID 200
21:00:00:976 (25/10/2023) - READ  MEM Access, AP 0x00000000, Addr 0xE000EDF0, Val 0x00030003, "DAP Read Memory (32 bit) - Success" - ID 201
21:00:01:238 (25/10/2023) - READ  MEM Access, AP 0x00000000, Addr 0xE000EDF0, Val 0x00030003, "DAP Read Memory (32 bit) - Success" - ID 202
21:00:01:499 (25/10/2023) - READ  MEM Access, AP 0x00000000, Addr 0xE000EDF0, Val 0x00030003, "DAP Read Memory (32 bit) - Success" - ID 203
21:00:01:762 (25/10/2023) - READ  MEM Access, AP 0x00000000, Addr 0xE000EDF0, Val 0x00030003, "DAP Read Memory (32 bit) - Success" - ID 204
21:00:02:026 (25/10/2023) - READ  MEM Access, AP 0x00000000, Addr 0xE000EDF0, Val 0x00030003, "DAP Read Memory (32 bit) - Success" - ID 205
21:00:02:291 (25/10/2023) - READ  MEM Access, AP 0x00000000, Addr 0xE000EDF0, Val 0x00030003, "DAP Read Memory (32 bit) - Success" - ID 206
21:00:02:553 (25/10/2023) - READ  MEM Access, AP 0x00000000, Addr 0xE000EDF0, Val 0x00030003, "DAP Read Memory (32 bit) - Success" - ID 207
21:00:02:817 (25/10/2023) - READ  MEM Access, AP 0x00000000, Addr 0xE000EDF0, Val 0x00030003, "DAP Read Memory (32 bit) - Success" - ID 208
21:00:03:078 (25/10/2023) - READ  MEM Access, AP 0x00000000, Addr 0xE000EDF0, Val 0x00030003, "DAP Read Memory (32 bit) - Success" - ID 209
21:00:03:237 (25/10/2023) - READ  MEM BLOCK Access, AP 0x00000000, Start Addr 0x00000456, End Addr 0x00000457, "DAP Read Memory Block - Success" - ID 210
  Item #0, AP 0, Addr 0x00000456, Value 0x6F87
21:00:03:251 (25/10/2023) - READ  MEM BLOCK Access, AP 0x00000000, Start Addr 0x00000458, End Addr 0x00000493, "DAP Read Memory Block - Success" - ID 211
  Item #0, AP 0, Addr 0x00000458, Value 0x6787402F
  Item #1, AP 0, Addr 0x0000045C, Value 0x43376F87
  Item #2, AP 0, Addr 0x00000460, Value 0x4F3C6787
  Item #3, AP 0, Addr 0x00000464, Value 0x68103F71
  Item #4, AP 0, Addr 0x00000468, Value 0x60104338
  Item #5, AP 0, Addr 0x0000046C, Value 0x6807483A
  Item #6, AP 0, Addr 0x00000470, Value 0x6007402F
  Item #7, AP 0, Addr 0x00000474, Value 0x43356805
  Item #8, AP 0, Addr 0x00000478, Value 0x061D6005
  Item #9, AP 0, Addr 0x0000047C, Value 0x43286850
  Item #10, AP 0, Addr 0x00000480, Value 0x06586050
  Item #11, AP 0, Addr 0x00000484, Value 0x43066856
  Item #12, AP 0, Addr 0x00000488, Value 0x06986056
  Item #13, AP 0, Addr 0x0000048C, Value 0x43036853
  Item #14, AP 0, Addr 0x00000490, Value 0x06206053
21:00:03:340 (25/10/2023) - READ  MEM Access, AP 0x00000000, Addr 0xE000EDF0, Val 0x00030003, "DAP Read Memory (32 bit) - Success" - ID 212
21:00:03:601 (25/10/2023) - READ  MEM Access, AP 0x00000000, Addr 0xE000EDF0, Val 0x00030003, "DAP Read Memory (32 bit) - Success" - ID 213
21:00:03:862 (25/10/2023) - READ  MEM Access, AP 0x00000000, Addr 0xE000EDF0, Val 0x00030003, "DAP Read Memory (32 bit) - Success" - ID 214
21:00:04:124 (25/10/2023) - READ  MEM Access, AP 0x00000000, Addr 0xE000EDF0, Val 0x00030003, "DAP Read Memory (32 bit) - Success" - ID 215
21:00:04:385 (25/10/2023) - READ  MEM Access, AP 0x00000000, Addr 0xE000EDF0, Val 0x00030003, "DAP Read Memory (32 bit) - Success" - ID 216
21:00:04:646 (25/10/2023) - READ  MEM Access, AP 0x00000000, Addr 0xE000EDF0, Val 0x00030003, "DAP Read Memory (32 bit) - Success" - ID 217
21:00:04:907 (25/10/2023) - READ  MEM Access, AP 0x00000000, Addr 0xE000EDF0, Val 0x00030003, "DAP Read Memory (32 bit) - Success" - ID 218
21:00:05:170 (25/10/2023) - READ  MEM Access, AP 0x00000000, Addr 0xE000EDF0, Val 0x00030003, "DAP Read Memory (32 bit) - Success" - ID 219
21:00:05:430 (25/10/2023) - READ  MEM Access, AP 0x00000000, Addr 0xE000EDF0, Val 0x00030003, "DAP Read Memory (32 bit) - Success" - ID 220
21:00:05:693 (25/10/2023) - READ  MEM Access, AP 0x00000000, Addr 0xE000EDF0, Val 0x00030003, "DAP Read Memory (32 bit) - Success" - ID 221
21:00:05:954 (25/10/2023) - READ  MEM Access, AP 0x00000000, Addr 0xE000EDF0, Val 0x00030003, "DAP Read Memory (32 bit) - Success" - ID 222
21:00:06:217 (25/10/2023) - READ  MEM Access, AP 0x00000000, Addr 0xE000EDF0, Val 0x00030003, "DAP Read Memory (32 bit) - Success" - ID 223
21:00:06:479 (25/10/2023) - READ  MEM Access, AP 0x00000000, Addr 0xE000EDF0, Val 0x00030003, "DAP Read Memory (32 bit) - Success" - ID 224
21:00:06:741 (25/10/2023) - READ  MEM Access, AP 0x00000000, Addr 0xE000EDF0, Val 0x00030003, "DAP Read Memory (32 bit) - Success" - ID 225
21:00:07:004 (25/10/2023) - READ  MEM Access, AP 0x00000000, Addr 0xE000EDF0, Val 0x00030003, "DAP Read Memory (32 bit) - Success" - ID 226
21:00:07:266 (25/10/2023) - READ  MEM Access, AP 0x00000000, Addr 0xE000EDF0, Val 0x00030003, "DAP Read Memory (32 bit) - Success" - ID 227
21:00:07:528 (25/10/2023) - READ  MEM Access, AP 0x00000000, Addr 0xE000EDF0, Val 0x00030003, "DAP Read Memory (32 bit) - Success" - ID 228
21:00:07:789 (25/10/2023) - READ  MEM Access, AP 0x00000000, Addr 0xE000EDF0, Val 0x00030003, "DAP Read Memory (32 bit) - Success" - ID 229
21:00:08:050 (25/10/2023) - READ  MEM Access, AP 0x00000000, Addr 0xE000EDF0, Val 0x00030003, "DAP Read Memory (32 bit) - Success" - ID 230
21:00:08:312 (25/10/2023) - READ  MEM Access, AP 0x00000000, Addr 0xE000EDF0, Val 0x00030003, "DAP Read Memory (32 bit) - Success" - ID 231
21:00:08:574 (25/10/2023) - READ  MEM Access, AP 0x00000000, Addr 0xE000EDF0, Val 0x00030003, "DAP Read Memory (32 bit) - Success" - ID 232
21:00:08:836 (25/10/2023) - READ  MEM Access, AP 0x00000000, Addr 0xE000EDF0, Val 0x00030003, "DAP Read Memory (32 bit) - Success" - ID 233
21:00:09:099 (25/10/2023) - READ  MEM Access, AP 0x00000000, Addr 0xE000EDF0, Val 0x00030003, "DAP Read Memory (32 bit) - Success" - ID 234
21:00:09:361 (25/10/2023) - READ  MEM Access, AP 0x00000000, Addr 0xE000EDF0, Val 0x00030003, "DAP Read Memory (32 bit) - Success" - ID 235
21:00:09:625 (25/10/2023) - READ  MEM Access, AP 0x00000000, Addr 0xE000EDF0, Val 0x00030003, "DAP Read Memory (32 bit) - Success" - ID 236
21:00:09:886 (25/10/2023) - READ  MEM Access, AP 0x00000000, Addr 0xE000EDF0, Val 0x00030003, "DAP Read Memory (32 bit) - Success" - ID 237
21:00:10:150 (25/10/2023) - READ  MEM Access, AP 0x00000000, Addr 0xE000EDF0, Val 0x00030003, "DAP Read Memory (32 bit) - Success" - ID 238
21:00:10:412 (25/10/2023) - READ  MEM Access, AP 0x00000000, Addr 0xE000EDF0, Val 0x00030003, "DAP Read Memory (32 bit) - Success" - ID 239
21:00:10:675 (25/10/2023) - READ  MEM Access, AP 0x00000000, Addr 0xE000EDF0, Val 0x00030003, "DAP Read Memory (32 bit) - Success" - ID 240
21:00:10:939 (25/10/2023) - READ  MEM Access, AP 0x00000000, Addr 0xE000EDF0, Val 0x00030003, "DAP Read Memory (32 bit) - Success" - ID 241
21:00:11:203 (25/10/2023) - READ  MEM Access, AP 0x00000000, Addr 0xE000EDF0, Val 0x00030003, "DAP Read Memory (32 bit) - Success" - ID 242
21:00:11:467 (25/10/2023) - READ  MEM Access, AP 0x00000000, Addr 0xE000EDF0, Val 0x00030003, "DAP Read Memory (32 bit) - Success" - ID 243
21:00:11:730 (25/10/2023) - READ  MEM Access, AP 0x00000000, Addr 0xE000EDF0, Val 0x00030003, "DAP Read Memory (32 bit) - Success" - ID 244
21:00:11:995 (25/10/2023) - READ  MEM Access, AP 0x00000000, Addr 0xE000EDF0, Val 0x00030003, "DAP Read Memory (32 bit) - Success" - ID 245
21:00:12:261 (25/10/2023) - READ  MEM Access, AP 0x00000000, Addr 0xE000EDF0, Val 0x00030003, "DAP Read Memory (32 bit) - Success" - ID 246
21:00:12:525 (25/10/2023) - READ  MEM Access, AP 0x00000000, Addr 0xE000EDF0, Val 0x00030003, "DAP Read Memory (32 bit) - Success" - ID 247
21:00:12:788 (25/10/2023) - READ  MEM Access, AP 0x00000000, Addr 0xE000EDF0, Val 0x00030003, "DAP Read Memory (32 bit) - Success" - ID 248
21:00:13:054 (25/10/2023) - READ  MEM Access, AP 0x00000000, Addr 0xE000EDF0, Val 0x00030003, "DAP Read Memory (32 bit) - Success" - ID 249
21:00:13:318 (25/10/2023) - READ  MEM Access, AP 0x00000000, Addr 0xE000EDF0, Val 0x00030003, "DAP Read Memory (32 bit) - Success" - ID 250
21:00:13:583 (25/10/2023) - READ  MEM Access, AP 0x00000000, Addr 0xE000EDF0, Val 0x00030003, "DAP Read Memory (32 bit) - Success" - ID 251
21:00:13:845 (25/10/2023) - READ  MEM Access, AP 0x00000000, Addr 0xE000EDF0, Val 0x00030003, "DAP Read Memory (32 bit) - Success" - ID 252
21:00:14:109 (25/10/2023) - READ  MEM Access, AP 0x00000000, Addr 0xE000EDF0, Val 0x00030003, "DAP Read Memory (32 bit) - Success" - ID 253
21:00:14:374 (25/10/2023) - READ  MEM Access, AP 0x00000000, Addr 0xE000EDF0, Val 0x00030003, "DAP Read Memory (32 bit) - Success" - ID 254
21:00:14:638 (25/10/2023) - READ  MEM Access, AP 0x00000000, Addr 0xE000EDF0, Val 0x00030003, "DAP Read Memory (32 bit) - Success" - ID 255
21:00:14:902 (25/10/2023) - READ  MEM Access, AP 0x00000000, Addr 0xE000EDF0, Val 0x00030003, "DAP Read Memory (32 bit) - Success" - ID 256
21:00:15:166 (25/10/2023) - READ  MEM Access, AP 0x00000000, Addr 0xE000EDF0, Val 0x00030003, "DAP Read Memory (32 bit) - Success" - ID 257
21:00:15:430 (25/10/2023) - READ  MEM Access, AP 0x00000000, Addr 0xE000EDF0, Val 0x00030003, "DAP Read Memory (32 bit) - Success" - ID 258
21:00:15:692 (25/10/2023) - READ  MEM Access, AP 0x00000000, Addr 0xE000EDF0, Val 0x00030003, "DAP Read Memory (32 bit) - Success" - ID 259
21:00:15:955 (25/10/2023) - READ  MEM Access, AP 0x00000000, Addr 0xE000EDF0, Val 0x00030003, "DAP Read Memory (32 bit) - Success" - ID 260
21:00:16:219 (25/10/2023) - READ  MEM Access, AP 0x00000000, Addr 0xE000EDF0, Val 0x00030003, "DAP Read Memory (32 bit) - Success" - ID 261
21:00:16:483 (25/10/2023) - READ  MEM Access, AP 0x00000000, Addr 0xE000EDF0, Val 0x00030003, "DAP Read Memory (32 bit) - Success" - ID 262
21:00:16:747 (25/10/2023) - READ  MEM Access, AP 0x00000000, Addr 0xE000EDF0, Val 0x00030003, "DAP Read Memory (32 bit) - Success" - ID 263
21:00:17:011 (25/10/2023) - READ  MEM Access, AP 0x00000000, Addr 0xE000EDF0, Val 0x00030003, "DAP Read Memory (32 bit) - Success" - ID 264
21:00:17:276 (25/10/2023) - READ  MEM Access, AP 0x00000000, Addr 0xE000EDF0, Val 0x00030003, "DAP Read Memory (32 bit) - Success" - ID 265
21:00:17:539 (25/10/2023) - READ  MEM Access, AP 0x00000000, Addr 0xE000EDF0, Val 0x00030003, "DAP Read Memory (32 bit) - Success" - ID 266
21:00:17:803 (25/10/2023) - READ  MEM Access, AP 0x00000000, Addr 0xE000EDF0, Val 0x00030003, "DAP Read Memory (32 bit) - Success" - ID 267
21:00:18:068 (25/10/2023) - READ  MEM Access, AP 0x00000000, Addr 0xE000EDF0, Val 0x00030003, "DAP Read Memory (32 bit) - Success" - ID 268
21:00:18:331 (25/10/2023) - READ  MEM Access, AP 0x00000000, Addr 0xE000EDF0, Val 0x00030003, "DAP Read Memory (32 bit) - Success" - ID 269
21:00:18:595 (25/10/2023) - READ  MEM Access, AP 0x00000000, Addr 0xE000EDF0, Val 0x00030003, "DAP Read Memory (32 bit) - Success" - ID 270
21:00:18:857 (25/10/2023) - READ  MEM Access, AP 0x00000000, Addr 0xE000EDF0, Val 0x00030003, "DAP Read Memory (32 bit) - Success" - ID 271
21:00:19:122 (25/10/2023) - READ  MEM Access, AP 0x00000000, Addr 0xE000EDF0, Val 0x00030003, "DAP Read Memory (32 bit) - Success" - ID 272
21:00:19:387 (25/10/2023) - READ  MEM Access, AP 0x00000000, Addr 0xE000EDF0, Val 0x00030003, "DAP Read Memory (32 bit) - Success" - ID 273
21:00:19:650 (25/10/2023) - READ  MEM Access, AP 0x00000000, Addr 0xE000EDF0, Val 0x00030003, "DAP Read Memory (32 bit) - Success" - ID 274
21:00:19:913 (25/10/2023) - READ  MEM Access, AP 0x00000000, Addr 0xE000EDF0, Val 0x00030003, "DAP Read Memory (32 bit) - Success" - ID 275
21:00:20:178 (25/10/2023) - READ  MEM Access, AP 0x00000000, Addr 0xE000EDF0, Val 0x00030003, "DAP Read Memory (32 bit) - Success" - ID 276
21:00:20:441 (25/10/2023) - READ  MEM Access, AP 0x00000000, Addr 0xE000EDF0, Val 0x00030003, "DAP Read Memory (32 bit) - Success" - ID 277
21:00:20:704 (25/10/2023) - READ  MEM Access, AP 0x00000000, Addr 0xE000EDF0, Val 0x00030003, "DAP Read Memory (32 bit) - Success" - ID 278
21:00:20:969 (25/10/2023) - READ  MEM Access, AP 0x00000000, Addr 0xE000EDF0, Val 0x00030003, "DAP Read Memory (32 bit) - Success" - ID 279
21:00:21:234 (25/10/2023) - READ  MEM Access, AP 0x00000000, Addr 0xE000EDF0, Val 0x00030003, "DAP Read Memory (32 bit) - Success" - ID 280
21:00:21:499 (25/10/2023) - READ  MEM Access, AP 0x00000000, Addr 0xE000EDF0, Val 0x00030003, "DAP Read Memory (32 bit) - Success" - ID 281
21:00:21:762 (25/10/2023) - READ  MEM Access, AP 0x00000000, Addr 0xE000EDF0, Val 0x00030003, "DAP Read Memory (32 bit) - Success" - ID 282
21:00:22:027 (25/10/2023) - READ  MEM Access, AP 0x00000000, Addr 0xE000EDF0, Val 0x00030003, "DAP Read Memory (32 bit) - Success" - ID 283
21:00:22:292 (25/10/2023) - READ  MEM Access, AP 0x00000000, Addr 0xE000EDF0, Val 0x00030003, "DAP Read Memory (32 bit) - Success" - ID 284
21:00:22:556 (25/10/2023) - READ  MEM Access, AP 0x00000000, Addr 0xE000EDF0, Val 0x00030003, "DAP Read Memory (32 bit) - Success" - ID 285
21:00:22:820 (25/10/2023) - READ  MEM Access, AP 0x00000000, Addr 0xE000EDF0, Val 0x00030003, "DAP Read Memory (32 bit) - Success" - ID 286
21:00:23:086 (25/10/2023) - READ  MEM Access, AP 0x00000000, Addr 0xE000EDF0, Val 0x00030003, "DAP Read Memory (32 bit) - Success" - ID 287
21:00:23:348 (25/10/2023) - READ  MEM Access, AP 0x00000000, Addr 0xE000EDF0, Val 0x00030003, "DAP Read Memory (32 bit) - Success" - ID 288
21:00:23:612 (25/10/2023) - READ  MEM Access, AP 0x00000000, Addr 0xE000EDF0, Val 0x00030003, "DAP Read Memory (32 bit) - Success" - ID 289
21:00:23:877 (25/10/2023) - READ  MEM Access, AP 0x00000000, Addr 0xE000EDF0, Val 0x00030003, "DAP Read Memory (32 bit) - Success" - ID 290
21:00:24:141 (25/10/2023) - READ  MEM Access, AP 0x00000000, Addr 0xE000EDF0, Val 0x00030003, "DAP Read Memory (32 bit) - Success" - ID 291
21:00:24:405 (25/10/2023) - READ  MEM Access, AP 0x00000000, Addr 0xE000EDF0, Val 0x00030003, "DAP Read Memory (32 bit) - Success" - ID 292
21:00:24:668 (25/10/2023) - READ  MEM Access, AP 0x00000000, Addr 0xE000EDF0, Val 0x00030003, "DAP Read Memory (32 bit) - Success" - ID 293
21:00:24:931 (25/10/2023) - READ  MEM Access, AP 0x00000000, Addr 0xE000EDF0, Val 0x00030003, "DAP Read Memory (32 bit) - Success" - ID 294
21:00:25:195 (25/10/2023) - READ  MEM Access, AP 0x00000000, Addr 0xE000EDF0, Val 0x00030003, "DAP Read Memory (32 bit) - Success" - ID 295
21:00:25:459 (25/10/2023) - READ  MEM Access, AP 0x00000000, Addr 0xE000EDF0, Val 0x00030003, "DAP Read Memory (32 bit) - Success" - ID 296
21:00:25:722 (25/10/2023) - READ  MEM Access, AP 0x00000000, Addr 0xE000EDF0, Val 0x00030003, "DAP Read Memory (32 bit) - Success" - ID 297
21:00:25:983 (25/10/2023) - READ  MEM Access, AP 0x00000000, Addr 0xE000EDF0, Val 0x00030003, "DAP Read Memory (32 bit) - Success" - ID 298
21:00:26:245 (25/10/2023) - READ  MEM Access, AP 0x00000000, Addr 0xE000EDF0, Val 0x00030003, "DAP Read Memory (32 bit) - Success" - ID 299
21:00:26:507 (25/10/2023) - READ  MEM Access, AP 0x00000000, Addr 0xE000EDF0, Val 0x00030003, "DAP Read Memory (32 bit) - Success" - ID 300
21:00:26:770 (25/10/2023) - READ  MEM Access, AP 0x00000000, Addr 0xE000EDF0, Val 0x00030003, "DAP Read Memory (32 bit) - Success" - ID 301
21:00:27:034 (25/10/2023) - READ  MEM Access, AP 0x00000000, Addr 0xE000EDF0, Val 0x00030003, "DAP Read Memory (32 bit) - Success" - ID 302
21:00:27:300 (25/10/2023) - READ  MEM Access, AP 0x00000000, Addr 0xE000EDF0, Val 0x00030003, "DAP Read Memory (32 bit) - Success" - ID 303
21:00:27:564 (25/10/2023) - READ  MEM Access, AP 0x00000000, Addr 0xE000EDF0, Val 0x00030003, "DAP Read Memory (32 bit) - Success" - ID 304
21:00:27:826 (25/10/2023) - READ  MEM Access, AP 0x00000000, Addr 0xE000EDF0, Val 0x00030003, "DAP Read Memory (32 bit) - Success" - ID 305
21:00:28:089 (25/10/2023) - READ  MEM Access, AP 0x00000000, Addr 0xE000EDF0, Val 0x00030003, "DAP Read Memory (32 bit) - Success" - ID 306
21:00:28:351 (25/10/2023) - READ  MEM Access, AP 0x00000000, Addr 0xE000EDF0, Val 0x00030003, "DAP Read Memory (32 bit) - Success" - ID 307
21:00:28:613 (25/10/2023) - READ  MEM Access, AP 0x00000000, Addr 0xE000EDF0, Val 0x00030003, "DAP Read Memory (32 bit) - Success" - ID 308
21:00:28:875 (25/10/2023) - READ  MEM Access, AP 0x00000000, Addr 0xE000EDF0, Val 0x00030003, "DAP Read Memory (32 bit) - Success" - ID 309
21:00:29:136 (25/10/2023) - READ  MEM Access, AP 0x00000000, Addr 0xE000EDF0, Val 0x00030003, "DAP Read Memory (32 bit) - Success" - ID 310
21:00:29:398 (25/10/2023) - READ  MEM Access, AP 0x00000000, Addr 0xE000EDF0, Val 0x00030003, "DAP Read Memory (32 bit) - Success" - ID 311
21:00:29:661 (25/10/2023) - READ  MEM Access, AP 0x00000000, Addr 0xE000EDF0, Val 0x00030003, "DAP Read Memory (32 bit) - Success" - ID 312
21:00:29:923 (25/10/2023) - READ  MEM Access, AP 0x00000000, Addr 0xE000EDF0, Val 0x00030003, "DAP Read Memory (32 bit) - Success" - ID 313
21:00:30:185 (25/10/2023) - READ  MEM Access, AP 0x00000000, Addr 0xE000EDF0, Val 0x00030003, "DAP Read Memory (32 bit) - Success" - ID 314
21:00:30:447 (25/10/2023) - READ  MEM Access, AP 0x00000000, Addr 0xE000EDF0, Val 0x00030003, "DAP Read Memory (32 bit) - Success" - ID 315
21:00:30:535 (25/10/2023) - READ  MEM Access, AP 0x00000000, Addr 0xE000EDF0, Val 0x00030003, "DAP Read Memory (32 bit) - Success" - ID 316
21:00:30:804 (25/10/2023) - READ  MEM Access, AP 0x00000000, Addr 0xE000EDF0, Val 0x00030003, "DAP Read Memory (32 bit) - Success" - ID 317
21:00:31:057 (25/10/2023) - WRITE MEM BLOCK Access, AP 0x00000000, Start Addr 0xE0002000, End Addr 0xE000200F, "DAP Write Memory Block - Success" - ID 318
  Item #0, AP 0, Addr 0xE0002000, Value 0x00000002
  Item #1, AP 0, Addr 0xE0002004, Value 0x00000000
  Item #2, AP 0, Addr 0xE0002008, Value 0x00000000
  Item #3, AP 0, Addr 0xE000200C, Value 0x00000000
21:00:31:060 (25/10/2023) - WRITE MEM Access, AP 0x00000000, Addr 0xE000EDF0, Val 0xA05F0000, "DAP Write Memory (32 bit) - Success" - ID 319
21:00:31:063 (25/10/2023) - WRITE MEM Access, AP 0x00000000, Addr 0xE000EDFC, Val 0x00000000, "DAP Write Memory (32 bit) - Success" - ID 320
21:00:31:066 (25/10/2023) - WRITE DP  Access, Addr 0x00000004, Val 0x00000000, "DAP Write DP - Success" - ID 321
